{"C:\\Users\\terri\\Desktop\\Code-The-Dream\\node-homework\\app.js": {"path":"C:\\Users\\terri\\Desktop\\Code-The-Dream\\node-homework\\app.js","statementMap":{"0":{"start":{"line":1,"column":0},"end":{"line":1,"column":26}},"1":{"start":{"line":2,"column":16},"end":{"line":2,"column":34}},"2":{"start":{"line":3,"column":21},"end":{"line":3,"column":58}},"3":{"start":{"line":4,"column":24},"end":{"line":4,"column":57}},"4":{"start":{"line":5,"column":19},"end":{"line":5,"column":49}},"5":{"start":{"line":6,"column":19},"end":{"line":6,"column":49}},"6":{"start":{"line":7,"column":24},"end":{"line":7,"column":59}},"7":{"start":{"line":8,"column":15},"end":{"line":8,"column":37}},"8":{"start":{"line":9,"column":21},"end":{"line":9,"column":45}},"9":{"start":{"line":10,"column":15},"end":{"line":10,"column":32}},"10":{"start":{"line":11,"column":16},"end":{"line":11,"column":48}},"11":{"start":{"line":12,"column":20},"end":{"line":12,"column":49}},"12":{"start":{"line":13,"column":12},"end":{"line":13,"column":21}},"13":{"start":{"line":15,"column":0},"end":{"line":15,"column":26}},"14":{"start":{"line":18,"column":0},"end":{"line":23,"column":2}},"15":{"start":{"line":25,"column":0},"end":{"line":25,"column":18}},"16":{"start":{"line":26,"column":0},"end":{"line":26,"column":24}},"17":{"start":{"line":27,"column":0},"end":{"line":27,"column":40}},"18":{"start":{"line":28,"column":0},"end":{"line":28,"column":15}},"19":{"start":{"line":31,"column":0},"end":{"line":34,"column":3}},"20":{"start":{"line":32,"column":2},"end":{"line":32,"column":47}},"21":{"start":{"line":33,"column":2},"end":{"line":33,"column":9}},"22":{"start":{"line":36,"column":0},"end":{"line":38,"column":3}},"23":{"start":{"line":37,"column":2},"end":{"line":37,"column":38}},"24":{"start":{"line":40,"column":0},"end":{"line":42,"column":3}},"25":{"start":{"line":41,"column":2},"end":{"line":41,"column":50}},"26":{"start":{"line":44,"column":0},"end":{"line":44,"column":34}},"27":{"start":{"line":45,"column":0},"end":{"line":45,"column":34}},"28":{"start":{"line":46,"column":0},"end":{"line":46,"column":42}},"29":{"start":{"line":48,"column":0},"end":{"line":55,"column":3}},"30":{"start":{"line":49,"column":2},"end":{"line":54,"column":3}},"31":{"start":{"line":50,"column":4},"end":{"line":50,"column":37}},"32":{"start":{"line":51,"column":4},"end":{"line":51,"column":48}},"33":{"start":{"line":53,"column":4},"end":{"line":53,"column":87}},"34":{"start":{"line":57,"column":0},"end":{"line":57,"column":25}},"35":{"start":{"line":58,"column":0},"end":{"line":58,"column":22}},"36":{"start":{"line":60,"column":13},"end":{"line":60,"column":37}},"37":{"start":{"line":61,"column":15},"end":{"line":63,"column":1}},"38":{"start":{"line":62,"column":2},"end":{"line":62,"column":55}},"39":{"start":{"line":65,"column":0},"end":{"line":72,"column":3}},"40":{"start":{"line":66,"column":2},"end":{"line":70,"column":3}},"41":{"start":{"line":67,"column":4},"end":{"line":67,"column":53}},"42":{"start":{"line":69,"column":4},"end":{"line":69,"column":40}},"43":{"start":{"line":71,"column":2},"end":{"line":71,"column":18}},"44":{"start":{"line":74,"column":21},"end":{"line":74,"column":26}},"45":{"start":{"line":76,"column":2},"end":{"line":76,"column":29}},"46":{"start":{"line":76,"column":22},"end":{"line":76,"column":29}},"47":{"start":{"line":77,"column":2},"end":{"line":77,"column":24}},"48":{"start":{"line":78,"column":2},"end":{"line":78,"column":45}},"49":{"start":{"line":79,"column":2},"end":{"line":90,"column":3}},"50":{"start":{"line":80,"column":4},"end":{"line":80,"column":56}},"51":{"start":{"line":80,"column":33},"end":{"line":80,"column":54}},"52":{"start":{"line":81,"column":4},"end":{"line":81,"column":39}},"53":{"start":{"line":82,"column":4},"end":{"line":82,"column":31}},"54":{"start":{"line":83,"column":4},"end":{"line":83,"column":39}},"55":{"start":{"line":85,"column":4},"end":{"line":85,"column":49}},"56":{"start":{"line":86,"column":4},"end":{"line":86,"column":13}},"57":{"start":{"line":88,"column":4},"end":{"line":88,"column":38}},"58":{"start":{"line":89,"column":4},"end":{"line":89,"column":23}},"59":{"start":{"line":93,"column":0},"end":{"line":93,"column":40}},"60":{"start":{"line":93,"column":27},"end":{"line":93,"column":38}},"61":{"start":{"line":94,"column":0},"end":{"line":94,"column":41}},"62":{"start":{"line":94,"column":28},"end":{"line":94,"column":39}},"63":{"start":{"line":95,"column":0},"end":{"line":98,"column":3}},"64":{"start":{"line":96,"column":2},"end":{"line":96,"column":44}},"65":{"start":{"line":97,"column":2},"end":{"line":97,"column":14}},"66":{"start":{"line":99,"column":0},"end":{"line":102,"column":3}},"67":{"start":{"line":100,"column":2},"end":{"line":100,"column":48}},"68":{"start":{"line":101,"column":2},"end":{"line":101,"column":14}},"69":{"start":{"line":104,"column":0},"end":{"line":104,"column":33}}},"fnMap":{"0":{"name":"(anonymous_0)","decl":{"start":{"line":31,"column":8},"end":{"line":31,"column":9}},"loc":{"start":{"line":31,"column":25},"end":{"line":34,"column":1}},"line":31},"1":{"name":"(anonymous_1)","decl":{"start":{"line":36,"column":13},"end":{"line":36,"column":14}},"loc":{"start":{"line":36,"column":27},"end":{"line":38,"column":1}},"line":36},"2":{"name":"(anonymous_2)","decl":{"start":{"line":40,"column":22},"end":{"line":40,"column":23}},"loc":{"start":{"line":40,"column":34},"end":{"line":42,"column":1}},"line":40},"3":{"name":"(anonymous_3)","decl":{"start":{"line":48,"column":19},"end":{"line":48,"column":20}},"loc":{"start":{"line":48,"column":39},"end":{"line":55,"column":1}},"line":48},"4":{"name":"(anonymous_4)","decl":{"start":{"line":61,"column":32},"end":{"line":61,"column":33}},"loc":{"start":{"line":62,"column":2},"end":{"line":62,"column":55}},"line":62},"5":{"name":"(anonymous_5)","decl":{"start":{"line":65,"column":19},"end":{"line":65,"column":20}},"loc":{"start":{"line":65,"column":28},"end":{"line":72,"column":1}},"line":65},"6":{"name":"shutdown","decl":{"start":{"line":75,"column":15},"end":{"line":75,"column":23}},"loc":{"start":{"line":75,"column":34},"end":{"line":91,"column":1}},"line":75},"7":{"name":"(anonymous_7)","decl":{"start":{"line":80,"column":22},"end":{"line":80,"column":23}},"loc":{"start":{"line":80,"column":33},"end":{"line":80,"column":54}},"line":80},"8":{"name":"(anonymous_8)","decl":{"start":{"line":93,"column":21},"end":{"line":93,"column":22}},"loc":{"start":{"line":93,"column":27},"end":{"line":93,"column":38}},"line":93},"9":{"name":"(anonymous_9)","decl":{"start":{"line":94,"column":22},"end":{"line":94,"column":23}},"loc":{"start":{"line":94,"column":28},"end":{"line":94,"column":39}},"line":94},"10":{"name":"(anonymous_10)","decl":{"start":{"line":95,"column":32},"end":{"line":95,"column":33}},"loc":{"start":{"line":95,"column":41},"end":{"line":98,"column":1}},"line":95},"11":{"name":"(anonymous_11)","decl":{"start":{"line":99,"column":33},"end":{"line":99,"column":34}},"loc":{"start":{"line":99,"column":45},"end":{"line":102,"column":1}},"line":99}},"branchMap":{"0":{"loc":{"start":{"line":60,"column":13},"end":{"line":60,"column":37}},"type":"binary-expr","locations":[{"start":{"line":60,"column":13},"end":{"line":60,"column":29}},{"start":{"line":60,"column":33},"end":{"line":60,"column":37}}],"line":60},"1":{"loc":{"start":{"line":66,"column":2},"end":{"line":70,"column":3}},"type":"if","locations":[{"start":{"line":66,"column":2},"end":{"line":70,"column":3}},{"start":{"line":68,"column":9},"end":{"line":70,"column":3}}],"line":66},"2":{"loc":{"start":{"line":75,"column":24},"end":{"line":75,"column":32}},"type":"default-arg","locations":[{"start":{"line":75,"column":31},"end":{"line":75,"column":32}}],"line":75},"3":{"loc":{"start":{"line":76,"column":2},"end":{"line":76,"column":29}},"type":"if","locations":[{"start":{"line":76,"column":2},"end":{"line":76,"column":29}},{"start":{},"end":{}}],"line":76}},"s":{"0":1,"1":1,"2":1,"3":1,"4":1,"5":1,"6":1,"7":1,"8":1,"9":1,"10":1,"11":1,"12":1,"13":1,"14":1,"15":1,"16":1,"17":1,"18":1,"19":1,"20":5,"21":5,"22":1,"23":0,"24":1,"25":0,"26":1,"27":1,"28":1,"29":1,"30":0,"31":0,"32":0,"33":0,"34":1,"35":1,"36":1,"37":1,"38":1,"39":1,"40":0,"41":0,"42":0,"43":0,"44":1,"45":0,"46":0,"47":0,"48":0,"49":0,"50":0,"51":0,"52":0,"53":0,"54":0,"55":0,"56":0,"57":0,"58":0,"59":1,"60":0,"61":1,"62":0,"63":1,"64":0,"65":0,"66":1,"67":0,"68":0,"69":1},"f":{"0":5,"1":0,"2":0,"3":0,"4":1,"5":0,"6":0,"7":0,"8":0,"9":0,"10":0,"11":0},"b":{"0":[1,1],"1":[0,0],"2":[0],"3":[0,0]},"_coverageSchema":"1a1c01bbd47fc00a2c39e90264f33305004495a9","hash":"d39635410c890d9b46d48d11dee4f783ace18b24"}
,"C:\\Users\\terri\\Desktop\\Code-The-Dream\\node-homework\\controllers\\analyticsController.js": {"path":"C:\\Users\\terri\\Desktop\\Code-The-Dream\\node-homework\\controllers\\analyticsController.js","statementMap":{"0":{"start":{"line":1,"column":15},"end":{"line":1,"column":38}},"1":{"start":{"line":2,"column":25},"end":{"line":2,"column":66}},"2":{"start":{"line":3,"column":24},"end":{"line":3,"column":52}},"3":{"start":{"line":7,"column":15},"end":{"line":7,"column":38}},"4":{"start":{"line":8,"column":0},"end":{"line":10,"column":1}},"5":{"start":{"line":9,"column":2},"end":{"line":9,"column":60}},"6":{"start":{"line":12,"column":0},"end":{"line":63,"column":1}},"7":{"start":{"line":13,"column":17},"end":{"line":15,"column":2}},"8":{"start":{"line":16,"column":0},"end":{"line":18,"column":1}},"9":{"start":{"line":17,"column":4},"end":{"line":17,"column":59}},"10":{"start":{"line":20,"column":18},"end":{"line":26,"column":2}},"11":{"start":{"line":29,"column":20},"end":{"line":44,"column":2}},"12":{"start":{"line":47,"column":19},"end":{"line":47,"column":29}},"13":{"start":{"line":48,"column":0},"end":{"line":48,"column":45}},"14":{"start":{"line":51,"column":23},"end":{"line":58,"column":2}},"15":{"start":{"line":60,"column":0},"end":{"line":60,"column":70}},"16":{"start":{"line":62,"column":0},"end":{"line":62,"column":17}},"17":{"start":{"line":67,"column":23},"end":{"line":67,"column":80}},"18":{"start":{"line":68,"column":2},"end":{"line":70,"column":3}},"19":{"start":{"line":69,"column":4},"end":{"line":69,"column":76}},"20":{"start":{"line":72,"column":13},"end":{"line":72,"column":28}},"21":{"start":{"line":73,"column":14},"end":{"line":73,"column":30}},"22":{"start":{"line":74,"column":13},"end":{"line":74,"column":31}},"23":{"start":{"line":76,"column":0},"end":{"line":116,"column":1}},"24":{"start":{"line":77,"column":20},"end":{"line":93,"column":2}},"25":{"start":{"line":95,"column":14},"end":{"line":102,"column":3}},"26":{"start":{"line":95,"column":36},"end":{"line":102,"column":1}},"27":{"start":{"line":104,"column":19},"end":{"line":104,"column":44}},"28":{"start":{"line":105,"column":19},"end":{"line":112,"column":1}},"29":{"start":{"line":113,"column":0},"end":{"line":113,"column":42}},"30":{"start":{"line":115,"column":4},"end":{"line":115,"column":20}},"31":{"start":{"line":120,"column":20},"end":{"line":120,"column":31}},"32":{"start":{"line":122,"column":0},"end":{"line":126,"column":1}},"33":{"start":{"line":123,"column":2},"end":{"line":125,"column":5}},"34":{"start":{"line":129,"column":14},"end":{"line":129,"column":45}},"35":{"start":{"line":131,"column":0},"end":{"line":164,"column":21}},"36":{"start":{"line":133,"column":22},"end":{"line":133,"column":40}},"37":{"start":{"line":134,"column":19},"end":{"line":134,"column":30}},"38":{"start":{"line":135,"column":19},"end":{"line":135,"column":36}},"39":{"start":{"line":138,"column":22},"end":{"line":160,"column":1}},"40":{"start":{"line":162,"column":0},"end":{"line":162,"column":96}},"41":{"start":{"line":164,"column":4},"end":{"line":164,"column":20}},"42":{"start":{"line":167,"column":0},"end":{"line":167,"column":67}}},"fnMap":{"0":{"name":"getUserAnalytics","decl":{"start":{"line":5,"column":15},"end":{"line":5,"column":31}},"loc":{"start":{"line":5,"column":47},"end":{"line":64,"column":1}},"line":5},"1":{"name":"getUsersWithStats","decl":{"start":{"line":66,"column":15},"end":{"line":66,"column":32}},"loc":{"start":{"line":66,"column":49},"end":{"line":117,"column":1}},"line":66},"2":{"name":"(anonymous_2)","decl":{"start":{"line":95,"column":27},"end":{"line":95,"column":28}},"loc":{"start":{"line":95,"column":36},"end":{"line":102,"column":1}},"line":95},"3":{"name":"searchTasks","decl":{"start":{"line":119,"column":15},"end":{"line":119,"column":26}},"loc":{"start":{"line":119,"column":43},"end":{"line":165,"column":1}},"line":119}},"branchMap":{"0":{"loc":{"start":{"line":8,"column":0},"end":{"line":10,"column":1}},"type":"if","locations":[{"start":{"line":8,"column":0},"end":{"line":10,"column":1}},{"start":{},"end":{}}],"line":8},"1":{"loc":{"start":{"line":16,"column":0},"end":{"line":18,"column":1}},"type":"if","locations":[{"start":{"line":16,"column":0},"end":{"line":18,"column":1}},{"start":{},"end":{}}],"line":16},"2":{"loc":{"start":{"line":68,"column":2},"end":{"line":70,"column":3}},"type":"if","locations":[{"start":{"line":68,"column":2},"end":{"line":70,"column":3}},{"start":{},"end":{}}],"line":68},"3":{"loc":{"start":{"line":72,"column":13},"end":{"line":72,"column":28}},"type":"binary-expr","locations":[{"start":{"line":72,"column":13},"end":{"line":72,"column":23}},{"start":{"line":72,"column":27},"end":{"line":72,"column":28}}],"line":72},"4":{"loc":{"start":{"line":73,"column":14},"end":{"line":73,"column":30}},"type":"binary-expr","locations":[{"start":{"line":73,"column":14},"end":{"line":73,"column":25}},{"start":{"line":73,"column":28},"end":{"line":73,"column":30}}],"line":73},"5":{"loc":{"start":{"line":122,"column":0},"end":{"line":126,"column":1}},"type":"if","locations":[{"start":{"line":122,"column":0},"end":{"line":126,"column":1}},{"start":{},"end":{}}],"line":122},"6":{"loc":{"start":{"line":122,"column":4},"end":{"line":122,"column":49}},"type":"binary-expr","locations":[{"start":{"line":122,"column":4},"end":{"line":122,"column":16}},{"start":{"line":122,"column":20},"end":{"line":122,"column":49}}],"line":122},"7":{"loc":{"start":{"line":129,"column":14},"end":{"line":129,"column":45}},"type":"binary-expr","locations":[{"start":{"line":129,"column":14},"end":{"line":129,"column":39}},{"start":{"line":129,"column":43},"end":{"line":129,"column":45}}],"line":129}},"s":{"0":1,"1":1,"2":1,"3":0,"4":0,"5":0,"6":0,"7":0,"8":0,"9":0,"10":0,"11":0,"12":0,"13":0,"14":0,"15":0,"16":0,"17":0,"18":0,"19":0,"20":0,"21":0,"22":0,"23":0,"24":0,"25":0,"26":0,"27":0,"28":0,"29":0,"30":0,"31":0,"32":0,"33":0,"34":0,"35":0,"36":0,"37":0,"38":0,"39":0,"40":0,"41":0,"42":1},"f":{"0":0,"1":0,"2":0,"3":0},"b":{"0":[0,0],"1":[0,0],"2":[0,0],"3":[0,0],"4":[0,0],"5":[0,0],"6":[0,0],"7":[0,0]},"_coverageSchema":"1a1c01bbd47fc00a2c39e90264f33305004495a9","hash":"42342246b658b747eff5bf9440d804de090e768d"}
,"C:\\Users\\terri\\Desktop\\Code-The-Dream\\node-homework\\controllers\\taskController.js": {"path":"C:\\Users\\terri\\Desktop\\Code-The-Dream\\node-homework\\controllers\\taskController.js","statementMap":{"0":{"start":{"line":1,"column":24},"end":{"line":1,"column":52}},"1":{"start":{"line":2,"column":40},"end":{"line":2,"column":75}},"2":{"start":{"line":3,"column":25},"end":{"line":3,"column":66}},"3":{"start":{"line":4,"column":15},"end":{"line":4,"column":38}},"4":{"start":{"line":8,"column":2},"end":{"line":8,"column":31}},"5":{"start":{"line":8,"column":17},"end":{"line":8,"column":31}},"6":{"start":{"line":9,"column":26},"end":{"line":9,"column":76}},"7":{"start":{"line":10,"column":2},"end":{"line":12,"column":3}},"8":{"start":{"line":11,"column":4},"end":{"line":11,"column":76}},"9":{"start":{"line":13,"column":14},"end":{"line":16,"column":4}},"10":{"start":{"line":17,"column":2},"end":{"line":17,"column":45}},"11":{"start":{"line":22,"column":26},"end":{"line":22,"column":83}},"12":{"start":{"line":23,"column":2},"end":{"line":25,"column":3}},"13":{"start":{"line":24,"column":4},"end":{"line":24,"column":76}},"14":{"start":{"line":28,"column":13},"end":{"line":28,"column":28}},"15":{"start":{"line":29,"column":14},"end":{"line":29,"column":31}},"16":{"start":{"line":30,"column":13},"end":{"line":30,"column":31}},"17":{"start":{"line":32,"column":20},"end":{"line":32,"column":43}},"18":{"start":{"line":33,"column":0},"end":{"line":38,"column":1}},"19":{"start":{"line":34,"column":2},"end":{"line":37,"column":4}},"20":{"start":{"line":40,"column":14},"end":{"line":51,"column":2}},"21":{"start":{"line":52,"column":0},"end":{"line":54,"column":1}},"22":{"start":{"line":53,"column":2},"end":{"line":53,"column":75}},"23":{"start":{"line":56,"column":19},"end":{"line":58,"column":2}},"24":{"start":{"line":59,"column":19},"end":{"line":66,"column":1}},"25":{"start":{"line":68,"column":2},"end":{"line":68,"column":55}},"26":{"start":{"line":72,"column":13},"end":{"line":72,"column":36}},"27":{"start":{"line":73,"column":0},"end":{"line":93,"column":1}},"28":{"start":{"line":74,"column":19},"end":{"line":82,"column":4}},"29":{"start":{"line":83,"column":2},"end":{"line":85,"column":1}},"30":{"start":{"line":84,"column":2},"end":{"line":84,"column":88}},"31":{"start":{"line":86,"column":2},"end":{"line":86,"column":51}},"32":{"start":{"line":88,"column":2},"end":{"line":92,"column":3}},"33":{"start":{"line":89,"column":4},"end":{"line":89,"column":70}},"34":{"start":{"line":91,"column":4},"end":{"line":91,"column":21}},"35":{"start":{"line":98,"column":6},"end":{"line":98,"column":35}},"36":{"start":{"line":98,"column":21},"end":{"line":98,"column":35}},"37":{"start":{"line":99,"column":26},"end":{"line":99,"column":81}},"38":{"start":{"line":100,"column":2},"end":{"line":102,"column":3}},"39":{"start":{"line":101,"column":4},"end":{"line":101,"column":76}},"40":{"start":{"line":104,"column":11},"end":{"line":104,"column":34}},"41":{"start":{"line":105,"column":0},"end":{"line":121,"column":1}},"42":{"start":{"line":106,"column":15},"end":{"line":113,"column":4}},"43":{"start":{"line":114,"column":2},"end":{"line":114,"column":47}},"44":{"start":{"line":116,"column":2},"end":{"line":120,"column":3}},"45":{"start":{"line":117,"column":4},"end":{"line":117,"column":70}},"46":{"start":{"line":119,"column":4},"end":{"line":119,"column":21}},"47":{"start":{"line":125,"column":12},"end":{"line":125,"column":35}},"48":{"start":{"line":126,"column":0},"end":{"line":141,"column":1}},"49":{"start":{"line":127,"column":23},"end":{"line":133,"column":4}},"50":{"start":{"line":134,"column":2},"end":{"line":134,"column":54}},"51":{"start":{"line":136,"column":2},"end":{"line":140,"column":3}},"52":{"start":{"line":137,"column":4},"end":{"line":137,"column":70}},"53":{"start":{"line":139,"column":4},"end":{"line":139,"column":21}},"54":{"start":{"line":145,"column":18},"end":{"line":145,"column":26}},"55":{"start":{"line":148,"column":2},"end":{"line":152,"column":3}},"56":{"start":{"line":149,"column":4},"end":{"line":151,"column":7}},"57":{"start":{"line":155,"column":21},"end":{"line":155,"column":23}},"58":{"start":{"line":156,"column":2},"end":{"line":170,"column":3}},"59":{"start":{"line":157,"column":29},"end":{"line":157,"column":54}},"60":{"start":{"line":158,"column":4},"end":{"line":163,"column":5}},"61":{"start":{"line":159,"column":6},"end":{"line":162,"column":9}},"62":{"start":{"line":164,"column":4},"end":{"line":169,"column":7}},"63":{"start":{"line":173,"column":2},"end":{"line":186,"column":3}},"64":{"start":{"line":174,"column":19},"end":{"line":177,"column":6}},"65":{"start":{"line":179,"column":4},"end":{"line":183,"column":7}},"66":{"start":{"line":185,"column":4},"end":{"line":185,"column":21}},"67":{"start":{"line":191,"column":0},"end":{"line":191,"column":73}}},"fnMap":{"0":{"name":"create","decl":{"start":{"line":7,"column":15},"end":{"line":7,"column":21}},"loc":{"start":{"line":7,"column":32},"end":{"line":18,"column":1}},"line":7},"1":{"name":"index","decl":{"start":{"line":21,"column":15},"end":{"line":21,"column":20}},"loc":{"start":{"line":21,"column":31},"end":{"line":69,"column":1}},"line":21},"2":{"name":"show","decl":{"start":{"line":71,"column":15},"end":{"line":71,"column":19}},"loc":{"start":{"line":71,"column":36},"end":{"line":94,"column":1}},"line":71},"3":{"name":"update","decl":{"start":{"line":97,"column":15},"end":{"line":97,"column":21}},"loc":{"start":{"line":97,"column":38},"end":{"line":122,"column":1}},"line":97},"4":{"name":"deleteTask","decl":{"start":{"line":124,"column":15},"end":{"line":124,"column":25}},"loc":{"start":{"line":124,"column":42},"end":{"line":142,"column":1}},"line":124},"5":{"name":"bulkCreate","decl":{"start":{"line":144,"column":15},"end":{"line":144,"column":25}},"loc":{"start":{"line":144,"column":42},"end":{"line":187,"column":1}},"line":144}},"branchMap":{"0":{"loc":{"start":{"line":8,"column":2},"end":{"line":8,"column":31}},"type":"if","locations":[{"start":{"line":8,"column":2},"end":{"line":8,"column":31}},{"start":{},"end":{}}],"line":8},"1":{"loc":{"start":{"line":10,"column":2},"end":{"line":12,"column":3}},"type":"if","locations":[{"start":{"line":10,"column":2},"end":{"line":12,"column":3}},{"start":{},"end":{}}],"line":10},"2":{"loc":{"start":{"line":23,"column":2},"end":{"line":25,"column":3}},"type":"if","locations":[{"start":{"line":23,"column":2},"end":{"line":25,"column":3}},{"start":{},"end":{}}],"line":23},"3":{"loc":{"start":{"line":28,"column":13},"end":{"line":28,"column":28}},"type":"binary-expr","locations":[{"start":{"line":28,"column":13},"end":{"line":28,"column":23}},{"start":{"line":28,"column":27},"end":{"line":28,"column":28}}],"line":28},"4":{"loc":{"start":{"line":29,"column":14},"end":{"line":29,"column":31}},"type":"binary-expr","locations":[{"start":{"line":29,"column":14},"end":{"line":29,"column":25}},{"start":{"line":29,"column":29},"end":{"line":29,"column":31}}],"line":29},"5":{"loc":{"start":{"line":33,"column":0},"end":{"line":38,"column":1}},"type":"if","locations":[{"start":{"line":33,"column":0},"end":{"line":38,"column":1}},{"start":{},"end":{}}],"line":33},"6":{"loc":{"start":{"line":52,"column":0},"end":{"line":54,"column":1}},"type":"if","locations":[{"start":{"line":52,"column":0},"end":{"line":54,"column":1}},{"start":{},"end":{}}],"line":52},"7":{"loc":{"start":{"line":83,"column":2},"end":{"line":85,"column":1}},"type":"if","locations":[{"start":{"line":83,"column":2},"end":{"line":85,"column":1}},{"start":{},"end":{}}],"line":83},"8":{"loc":{"start":{"line":88,"column":2},"end":{"line":92,"column":3}},"type":"if","locations":[{"start":{"line":88,"column":2},"end":{"line":92,"column":3}},{"start":{"line":90,"column":9},"end":{"line":92,"column":3}}],"line":88},"9":{"loc":{"start":{"line":98,"column":6},"end":{"line":98,"column":35}},"type":"if","locations":[{"start":{"line":98,"column":6},"end":{"line":98,"column":35}},{"start":{},"end":{}}],"line":98},"10":{"loc":{"start":{"line":100,"column":2},"end":{"line":102,"column":3}},"type":"if","locations":[{"start":{"line":100,"column":2},"end":{"line":102,"column":3}},{"start":{},"end":{}}],"line":100},"11":{"loc":{"start":{"line":116,"column":2},"end":{"line":120,"column":3}},"type":"if","locations":[{"start":{"line":116,"column":2},"end":{"line":120,"column":3}},{"start":{"line":118,"column":9},"end":{"line":120,"column":3}}],"line":116},"12":{"loc":{"start":{"line":136,"column":2},"end":{"line":140,"column":3}},"type":"if","locations":[{"start":{"line":136,"column":2},"end":{"line":140,"column":3}},{"start":{"line":138,"column":9},"end":{"line":140,"column":3}}],"line":136},"13":{"loc":{"start":{"line":148,"column":2},"end":{"line":152,"column":3}},"type":"if","locations":[{"start":{"line":148,"column":2},"end":{"line":152,"column":3}},{"start":{},"end":{}}],"line":148},"14":{"loc":{"start":{"line":148,"column":6},"end":{"line":148,"column":59}},"type":"binary-expr","locations":[{"start":{"line":148,"column":6},"end":{"line":148,"column":12}},{"start":{"line":148,"column":16},"end":{"line":148,"column":37}},{"start":{"line":148,"column":41},"end":{"line":148,"column":59}}],"line":148},"15":{"loc":{"start":{"line":158,"column":4},"end":{"line":163,"column":5}},"type":"if","locations":[{"start":{"line":158,"column":4},"end":{"line":163,"column":5}},{"start":{},"end":{}}],"line":158},"16":{"loc":{"start":{"line":166,"column":19},"end":{"line":166,"column":45}},"type":"binary-expr","locations":[{"start":{"line":166,"column":19},"end":{"line":166,"column":36}},{"start":{"line":166,"column":40},"end":{"line":166,"column":45}}],"line":166},"17":{"loc":{"start":{"line":167,"column":16},"end":{"line":167,"column":42}},"type":"binary-expr","locations":[{"start":{"line":167,"column":16},"end":{"line":167,"column":30}},{"start":{"line":167,"column":34},"end":{"line":167,"column":42}}],"line":167}},"s":{"0":2,"1":2,"2":2,"3":2,"4":3,"5":0,"6":3,"7":3,"8":0,"9":3,"10":1,"11":5,"12":5,"13":0,"14":5,"15":5,"16":5,"17":5,"18":4,"19":0,"20":4,"21":4,"22":2,"23":2,"24":2,"25":2,"26":2,"27":2,"28":2,"29":2,"30":1,"31":1,"32":0,"33":0,"34":0,"35":2,"36":0,"37":2,"38":2,"39":0,"40":2,"41":2,"42":2,"43":1,"44":1,"45":1,"46":0,"47":2,"48":2,"49":2,"50":1,"51":1,"52":1,"53":0,"54":0,"55":0,"56":0,"57":0,"58":0,"59":0,"60":0,"61":0,"62":0,"63":0,"64":0,"65":0,"66":0,"67":2},"f":{"0":3,"1":5,"2":2,"3":2,"4":2,"5":0},"b":{"0":[0,3],"1":[0,3],"2":[0,5],"3":[5,0],"4":[5,0],"5":[0,4],"6":[2,2],"7":[1,1],"8":[0,0],"9":[0,2],"10":[0,2],"11":[1,0],"12":[1,0],"13":[0,0],"14":[0,0,0],"15":[0,0],"16":[0,0],"17":[0,0]},"_coverageSchema":"1a1c01bbd47fc00a2c39e90264f33305004495a9","hash":"aaafd66e1f698f9da5f5e8fe82e1543ecd584e58"}
,"C:\\Users\\terri\\Desktop\\Code-The-Dream\\node-homework\\controllers\\userController.js": {"path":"C:\\Users\\terri\\Desktop\\Code-The-Dream\\node-homework\\controllers\\userController.js","statementMap":{"0":{"start":{"line":1,"column":24},"end":{"line":1,"column":52}},"1":{"start":{"line":2,"column":23},"end":{"line":2,"column":58}},"2":{"start":{"line":3,"column":15},"end":{"line":3,"column":32}},"3":{"start":{"line":4,"column":13},"end":{"line":4,"column":28}},"4":{"start":{"line":5,"column":15},"end":{"line":5,"column":44}},"5":{"start":{"line":6,"column":15},"end":{"line":6,"column":38}},"6":{"start":{"line":7,"column":23},"end":{"line":7,"column":40}},"7":{"start":{"line":8,"column":12},"end":{"line":8,"column":35}},"8":{"start":{"line":11,"column":15},"end":{"line":11,"column":53}},"9":{"start":{"line":12,"column":21},"end":{"line":12,"column":53}},"10":{"start":{"line":13,"column":2},"end":{"line":13,"column":49}},"11":{"start":{"line":17,"column":22},"end":{"line":17,"column":43}},"12":{"start":{"line":18,"column":20},"end":{"line":18,"column":43}},"13":{"start":{"line":19,"column":21},"end":{"line":19,"column":58}},"14":{"start":{"line":20,"column":2},"end":{"line":20,"column":55}},"15":{"start":{"line":23,"column":20},"end":{"line":29,"column":1}},"16":{"start":{"line":24,"column":2},"end":{"line":28,"column":4}},"17":{"start":{"line":31,"column":21},"end":{"line":38,"column":1}},"18":{"start":{"line":33,"column":18},"end":{"line":33,"column":58}},"19":{"start":{"line":34,"column":16},"end":{"line":34,"column":78}},"20":{"start":{"line":36,"column":2},"end":{"line":36,"column":69}},"21":{"start":{"line":37,"column":2},"end":{"line":37,"column":27}},"22":{"start":{"line":41,"column":2},"end":{"line":41,"column":31}},"23":{"start":{"line":41,"column":17},"end":{"line":41,"column":31}},"24":{"start":{"line":42,"column":25},"end":{"line":42,"column":75}},"25":{"start":{"line":44,"column":2},"end":{"line":49,"column":3}},"26":{"start":{"line":45,"column":4},"end":{"line":48,"column":7}},"27":{"start":{"line":51,"column":2},"end":{"line":51,"column":60}},"28":{"start":{"line":52,"column":2},"end":{"line":52,"column":24}},"29":{"start":{"line":53,"column":42},"end":{"line":53,"column":47}},"30":{"start":{"line":54,"column":3},"end":{"line":104,"column":1}},"31":{"start":{"line":55,"column":17},"end":{"line":86,"column":4}},"32":{"start":{"line":57,"column":20},"end":{"line":60,"column":6}},"33":{"start":{"line":63,"column":28},"end":{"line":67,"column":5}},"34":{"start":{"line":68,"column":4},"end":{"line":68,"column":56}},"35":{"start":{"line":71,"column":25},"end":{"line":83,"column":6}},"36":{"start":{"line":74,"column":46},"end":{"line":74,"column":53}},"37":{"start":{"line":85,"column":4},"end":{"line":85,"column":43}},"38":{"start":{"line":88,"column":20},"end":{"line":88,"column":55}},"39":{"start":{"line":90,"column":2},"end":{"line":90,"column":18}},"40":{"start":{"line":91,"column":2},"end":{"line":96,"column":5}},"41":{"start":{"line":97,"column":2},"end":{"line":97,"column":9}},"42":{"start":{"line":99,"column":2},"end":{"line":103,"column":3}},"43":{"start":{"line":100,"column":4},"end":{"line":100,"column":71}},"44":{"start":{"line":102,"column":4},"end":{"line":102,"column":21}},"45":{"start":{"line":109,"column":28},"end":{"line":109,"column":36}},"46":{"start":{"line":110,"column":2},"end":{"line":110,"column":29}},"47":{"start":{"line":111,"column":13},"end":{"line":111,"column":62}},"48":{"start":{"line":112,"column":2},"end":{"line":114,"column":1}},"49":{"start":{"line":113,"column":2},"end":{"line":113,"column":90}},"50":{"start":{"line":115,"column":24},"end":{"line":115,"column":76}},"51":{"start":{"line":116,"column":2},"end":{"line":118,"column":1}},"52":{"start":{"line":117,"column":2},"end":{"line":117,"column":118}},"53":{"start":{"line":120,"column":18},"end":{"line":120,"column":46}},"54":{"start":{"line":121,"column":0},"end":{"line":121,"column":90}},"55":{"start":{"line":124,"column":2},"end":{"line":124,"column":42}},"56":{"start":{"line":125,"column":2},"end":{"line":125,"column":40}},"57":{"start":{"line":128,"column":0},"end":{"line":128,"column":45}}},"fnMap":{"0":{"name":"hashPassword","decl":{"start":{"line":10,"column":15},"end":{"line":10,"column":27}},"loc":{"start":{"line":10,"column":38},"end":{"line":14,"column":1}},"line":10},"1":{"name":"comparePassword","decl":{"start":{"line":16,"column":15},"end":{"line":16,"column":30}},"loc":{"start":{"line":16,"column":58},"end":{"line":21,"column":1}},"line":16},"2":{"name":"(anonymous_2)","decl":{"start":{"line":23,"column":20},"end":{"line":23,"column":21}},"loc":{"start":{"line":23,"column":29},"end":{"line":29,"column":1}},"line":23},"3":{"name":"(anonymous_3)","decl":{"start":{"line":31,"column":21},"end":{"line":31,"column":22}},"loc":{"start":{"line":31,"column":41},"end":{"line":38,"column":1}},"line":31},"4":{"name":"register","decl":{"start":{"line":40,"column":15},"end":{"line":40,"column":23}},"loc":{"start":{"line":40,"column":40},"end":{"line":105,"column":1}},"line":40},"5":{"name":"(anonymous_5)","decl":{"start":{"line":55,"column":43},"end":{"line":55,"column":44}},"loc":{"start":{"line":55,"column":57},"end":{"line":86,"column":3}},"line":55},"6":{"name":"(anonymous_6)","decl":{"start":{"line":74,"column":41},"end":{"line":74,"column":42}},"loc":{"start":{"line":74,"column":46},"end":{"line":74,"column":53}},"line":74},"7":{"name":"logon","decl":{"start":{"line":107,"column":15},"end":{"line":107,"column":20}},"loc":{"start":{"line":107,"column":31},"end":{"line":122,"column":1}},"line":107},"8":{"name":"logoff","decl":{"start":{"line":123,"column":9},"end":{"line":123,"column":15}},"loc":{"start":{"line":123,"column":26},"end":{"line":127,"column":1}},"line":123}},"branchMap":{"0":{"loc":{"start":{"line":41,"column":2},"end":{"line":41,"column":31}},"type":"if","locations":[{"start":{"line":41,"column":2},"end":{"line":41,"column":31}},{"start":{},"end":{}}],"line":41},"1":{"loc":{"start":{"line":44,"column":2},"end":{"line":49,"column":3}},"type":"if","locations":[{"start":{"line":44,"column":2},"end":{"line":49,"column":3}},{"start":{},"end":{}}],"line":44},"2":{"loc":{"start":{"line":99,"column":2},"end":{"line":103,"column":3}},"type":"if","locations":[{"start":{"line":99,"column":2},"end":{"line":103,"column":3}},{"start":{"line":101,"column":9},"end":{"line":103,"column":3}}],"line":99},"3":{"loc":{"start":{"line":112,"column":2},"end":{"line":114,"column":1}},"type":"if","locations":[{"start":{"line":112,"column":2},"end":{"line":114,"column":1}},{"start":{},"end":{}}],"line":112},"4":{"loc":{"start":{"line":116,"column":2},"end":{"line":118,"column":1}},"type":"if","locations":[{"start":{"line":116,"column":2},"end":{"line":118,"column":1}},{"start":{},"end":{}}],"line":116}},"s":{"0":1,"1":1,"2":1,"3":1,"4":1,"5":1,"6":1,"7":1,"8":1,"9":1,"10":1,"11":1,"12":1,"13":1,"14":1,"15":1,"16":3,"17":1,"18":2,"19":2,"20":2,"21":2,"22":1,"23":0,"24":1,"25":1,"26":0,"27":1,"28":1,"29":1,"30":1,"31":1,"32":1,"33":1,"34":1,"35":1,"36":3,"37":1,"38":1,"39":1,"40":1,"41":1,"42":0,"43":0,"44":0,"45":1,"46":1,"47":1,"48":1,"49":0,"50":1,"51":1,"52":0,"53":1,"54":1,"55":1,"56":1,"57":1},"f":{"0":1,"1":1,"2":3,"3":2,"4":1,"5":1,"6":3,"7":1,"8":1},"b":{"0":[0,1],"1":[0,1],"2":[0,0],"3":[0,1],"4":[0,1]},"_coverageSchema":"1a1c01bbd47fc00a2c39e90264f33305004495a9","hash":"51000e234ece63ec5b7eaef7a4645279fbbd4109"}
,"C:\\Users\\terri\\Desktop\\Code-The-Dream\\node-homework\\db\\prisma.js": {"path":"C:\\Users\\terri\\Desktop\\Code-The-Dream\\node-homework\\db\\prisma.js","statementMap":{"0":{"start":{"line":1,"column":25},"end":{"line":1,"column":50}},"1":{"start":{"line":4,"column":0},"end":{"line":8,"column":1}},"2":{"start":{"line":5,"column":2},"end":{"line":5,"column":28}},"3":{"start":{"line":7,"column":2},"end":{"line":7,"column":12}},"4":{"start":{"line":10,"column":15},"end":{"line":10,"column":37}},"5":{"start":{"line":12,"column":0},"end":{"line":12,"column":24}}},"fnMap":{},"branchMap":{"0":{"loc":{"start":{"line":4,"column":0},"end":{"line":8,"column":1}},"type":"if","locations":[{"start":{"line":4,"column":0},"end":{"line":8,"column":1}},{"start":{"line":6,"column":7},"end":{"line":8,"column":1}}],"line":4},"1":{"loc":{"start":{"line":4,"column":4},"end":{"line":4,"column":67}},"type":"binary-expr","locations":[{"start":{"line":4,"column":4},"end":{"line":4,"column":25}},{"start":{"line":4,"column":29},"end":{"line":4,"column":67}}],"line":4}},"s":{"0":2,"1":2,"2":0,"3":2,"4":2,"5":2},"f":{},"b":{"0":[0,2],"1":[2,2]},"_coverageSchema":"1a1c01bbd47fc00a2c39e90264f33305004495a9","hash":"2914ab8d018b3a87a5e33ce81526afabeea5aa5e"}
,"C:\\Users\\terri\\Desktop\\Code-The-Dream\\node-homework\\middleware\\error-handler.js": {"path":"C:\\Users\\terri\\Desktop\\Code-The-Dream\\node-homework\\middleware\\error-handler.js","statementMap":{"0":{"start":{"line":1,"column":24},"end":{"line":1,"column":52}},"1":{"start":{"line":3,"column":31},"end":{"line":21,"column":1}},"2":{"start":{"line":4,"column":4},"end":{"line":6,"column":3}},"3":{"start":{"line":5,"column":4},"end":{"line":5,"column":91}},"4":{"start":{"line":7,"column":2},"end":{"line":9,"column":1}},"5":{"start":{"line":8,"column":2},"end":{"line":8,"column":67}},"6":{"start":{"line":10,"column":2},"end":{"line":14,"column":4}},"7":{"start":{"line":16,"column":2},"end":{"line":20,"column":3}},"8":{"start":{"line":17,"column":4},"end":{"line":19,"column":60}},"9":{"start":{"line":23,"column":0},"end":{"line":23,"column":40}}},"fnMap":{"0":{"name":"(anonymous_0)","decl":{"start":{"line":3,"column":31},"end":{"line":3,"column":32}},"loc":{"start":{"line":3,"column":56},"end":{"line":21,"column":1}},"line":3}},"branchMap":{"0":{"loc":{"start":{"line":4,"column":4},"end":{"line":6,"column":3}},"type":"if","locations":[{"start":{"line":4,"column":4},"end":{"line":6,"column":3}},{"start":{},"end":{}}],"line":4},"1":{"loc":{"start":{"line":4,"column":8},"end":{"line":4,"column":56}},"type":"binary-expr","locations":[{"start":{"line":4,"column":8},"end":{"line":4,"column":35}},{"start":{"line":4,"column":39},"end":{"line":4,"column":56}}],"line":4},"2":{"loc":{"start":{"line":7,"column":2},"end":{"line":9,"column":1}},"type":"if","locations":[{"start":{"line":7,"column":2},"end":{"line":9,"column":1}},{"start":{},"end":{}}],"line":7},"3":{"loc":{"start":{"line":16,"column":2},"end":{"line":20,"column":3}},"type":"if","locations":[{"start":{"line":16,"column":2},"end":{"line":20,"column":3}},{"start":{},"end":{}}],"line":16}},"s":{"0":1,"1":1,"2":0,"3":0,"4":0,"5":0,"6":0,"7":0,"8":0,"9":1},"f":{"0":0},"b":{"0":[0,0],"1":[0,0],"2":[0,0],"3":[0,0]},"_coverageSchema":"1a1c01bbd47fc00a2c39e90264f33305004495a9","hash":"f290f035c001ecd6baecb71563286b13faab6e41"}
,"C:\\Users\\terri\\Desktop\\Code-The-Dream\\node-homework\\middleware\\jwtMiddleware.js": {"path":"C:\\Users\\terri\\Desktop\\Code-The-Dream\\node-homework\\middleware\\jwtMiddleware.js","statementMap":{"0":{"start":{"line":1,"column":12},"end":{"line":1,"column":35}},"1":{"start":{"line":2,"column":24},"end":{"line":2,"column":52}},"2":{"start":{"line":4,"column":16},"end":{"line":8,"column":1}},"3":{"start":{"line":5,"column":2},"end":{"line":7,"column":52}},"4":{"start":{"line":10,"column":0},"end":{"line":31,"column":2}},"5":{"start":{"line":11,"column":16},"end":{"line":11,"column":33}},"6":{"start":{"line":12,"column":2},"end":{"line":14,"column":3}},"7":{"start":{"line":13,"column":4},"end":{"line":13,"column":24}},"8":{"start":{"line":15,"column":2},"end":{"line":30,"column":5}},"9":{"start":{"line":17,"column":4},"end":{"line":19,"column":5}},"10":{"start":{"line":18,"column":6},"end":{"line":18,"column":26}},"11":{"start":{"line":20,"column":4},"end":{"line":20,"column":34}},"12":{"start":{"line":23,"column":4},"end":{"line":28,"column":5}},"13":{"start":{"line":25,"column":6},"end":{"line":27,"column":7}},"14":{"start":{"line":26,"column":8},"end":{"line":26,"column":28}},"15":{"start":{"line":29,"column":4},"end":{"line":29,"column":11}}},"fnMap":{"0":{"name":"(anonymous_0)","decl":{"start":{"line":4,"column":16},"end":{"line":4,"column":17}},"loc":{"start":{"line":4,"column":25},"end":{"line":8,"column":1}},"line":4},"1":{"name":"(anonymous_1)","decl":{"start":{"line":10,"column":17},"end":{"line":10,"column":18}},"loc":{"start":{"line":10,"column":43},"end":{"line":31,"column":1}},"line":10},"2":{"name":"(anonymous_2)","decl":{"start":{"line":15,"column":44},"end":{"line":15,"column":45}},"loc":{"start":{"line":15,"column":62},"end":{"line":30,"column":3}},"line":15}},"branchMap":{"0":{"loc":{"start":{"line":12,"column":2},"end":{"line":14,"column":3}},"type":"if","locations":[{"start":{"line":12,"column":2},"end":{"line":14,"column":3}},{"start":{},"end":{}}],"line":12},"1":{"loc":{"start":{"line":17,"column":4},"end":{"line":19,"column":5}},"type":"if","locations":[{"start":{"line":17,"column":4},"end":{"line":19,"column":5}},{"start":{},"end":{}}],"line":17},"2":{"loc":{"start":{"line":23,"column":4},"end":{"line":28,"column":5}},"type":"if","locations":[{"start":{"line":23,"column":4},"end":{"line":28,"column":5}},{"start":{},"end":{}}],"line":23},"3":{"loc":{"start":{"line":25,"column":6},"end":{"line":27,"column":7}},"type":"if","locations":[{"start":{"line":25,"column":6},"end":{"line":27,"column":7}},{"start":{},"end":{}}],"line":25}},"s":{"0":1,"1":1,"2":1,"3":1,"4":1,"5":3,"6":3,"7":1,"8":2,"9":2,"10":0,"11":2,"12":2,"13":1,"14":0,"15":2},"f":{"0":1,"1":3,"2":2},"b":{"0":[1,2],"1":[0,2],"2":[1,1],"3":[0,1]},"_coverageSchema":"1a1c01bbd47fc00a2c39e90264f33305004495a9","hash":"fdea6a4facf6e8a3afb23e7f5ac9be05980bca13"}
,"C:\\Users\\terri\\Desktop\\Code-The-Dream\\node-homework\\middleware\\not-found.js": {"path":"C:\\Users\\terri\\Desktop\\Code-The-Dream\\node-homework\\middleware\\not-found.js","statementMap":{"0":{"start":{"line":1,"column":24},"end":{"line":1,"column":52}},"1":{"start":{"line":3,"column":34},"end":{"line":10,"column":1}},"2":{"start":{"line":5,"column":2},"end":{"line":9,"column":3}},"3":{"start":{"line":6,"column":4},"end":{"line":8,"column":69}},"4":{"start":{"line":12,"column":0},"end":{"line":12,"column":43}}},"fnMap":{"0":{"name":"(anonymous_0)","decl":{"start":{"line":3,"column":34},"end":{"line":3,"column":35}},"loc":{"start":{"line":3,"column":49},"end":{"line":10,"column":1}},"line":3}},"branchMap":{"0":{"loc":{"start":{"line":5,"column":2},"end":{"line":9,"column":3}},"type":"if","locations":[{"start":{"line":5,"column":2},"end":{"line":9,"column":3}},{"start":{},"end":{}}],"line":5}},"s":{"0":1,"1":1,"2":0,"3":0,"4":1},"f":{"0":0},"b":{"0":[0,0]},"_coverageSchema":"1a1c01bbd47fc00a2c39e90264f33305004495a9","hash":"1060f30494d409188262a6cdfee5a254446e5c00"}
,"C:\\Users\\terri\\Desktop\\Code-The-Dream\\node-homework\\routes\\analyticsRoutes.js": {"path":"C:\\Users\\terri\\Desktop\\Code-The-Dream\\node-homework\\routes\\analyticsRoutes.js","statementMap":{"0":{"start":{"line":1,"column":16},"end":{"line":1,"column":34}},"1":{"start":{"line":2,"column":15},"end":{"line":2,"column":31}},"2":{"start":{"line":3,"column":59},"end":{"line":3,"column":104}},"3":{"start":{"line":4,"column":22},"end":{"line":4,"column":60}},"4":{"start":{"line":6,"column":0},"end":{"line":6,"column":26}},"5":{"start":{"line":7,"column":0},"end":{"line":7,"column":47}},"6":{"start":{"line":8,"column":0},"end":{"line":8,"column":46}},"7":{"start":{"line":9,"column":0},"end":{"line":9,"column":49}},"8":{"start":{"line":12,"column":0},"end":{"line":12,"column":23}}},"fnMap":{},"branchMap":{},"s":{"0":1,"1":1,"2":1,"3":1,"4":1,"5":1,"6":1,"7":1,"8":1},"f":{},"b":{},"_coverageSchema":"1a1c01bbd47fc00a2c39e90264f33305004495a9","hash":"2cc189faff32435756a24936925ee5dc54b38ab0"}
,"C:\\Users\\terri\\Desktop\\Code-The-Dream\\node-homework\\routes\\taskRoutes.js": {"path":"C:\\Users\\terri\\Desktop\\Code-The-Dream\\node-homework\\routes\\taskRoutes.js","statementMap":{"0":{"start":{"line":1,"column":16},"end":{"line":1,"column":34}},"1":{"start":{"line":3,"column":15},"end":{"line":3,"column":31}},"2":{"start":{"line":4,"column":64},"end":{"line":4,"column":104}},"3":{"start":{"line":5,"column":22},"end":{"line":5,"column":60}},"4":{"start":{"line":7,"column":0},"end":{"line":7,"column":26}},"5":{"start":{"line":8,"column":0},"end":{"line":8,"column":31}},"6":{"start":{"line":9,"column":0},"end":{"line":9,"column":29}},"7":{"start":{"line":10,"column":0},"end":{"line":10,"column":39}},"8":{"start":{"line":11,"column":0},"end":{"line":11,"column":31}},"9":{"start":{"line":12,"column":0},"end":{"line":12,"column":35}},"10":{"start":{"line":13,"column":0},"end":{"line":13,"column":40}},"11":{"start":{"line":16,"column":0},"end":{"line":16,"column":23}}},"fnMap":{},"branchMap":{},"s":{"0":1,"1":1,"2":1,"3":1,"4":1,"5":1,"6":1,"7":1,"8":1,"9":1,"10":1,"11":1},"f":{},"b":{},"_coverageSchema":"1a1c01bbd47fc00a2c39e90264f33305004495a9","hash":"261a660c582228eee57b19f433631ecf0e736e13"}
,"C:\\Users\\terri\\Desktop\\Code-The-Dream\\node-homework\\routes\\userRoutes.js": {"path":"C:\\Users\\terri\\Desktop\\Code-The-Dream\\node-homework\\routes\\userRoutes.js","statementMap":{"0":{"start":{"line":1,"column":16},"end":{"line":1,"column":34}},"1":{"start":{"line":3,"column":15},"end":{"line":3,"column":31}},"2":{"start":{"line":4,"column":36},"end":{"line":4,"column":76}},"3":{"start":{"line":5,"column":22},"end":{"line":5,"column":60}},"4":{"start":{"line":7,"column":0},"end":{"line":7,"column":41}},"5":{"start":{"line":8,"column":0},"end":{"line":8,"column":35}},"6":{"start":{"line":9,"column":0},"end":{"line":9,"column":52}},"7":{"start":{"line":11,"column":0},"end":{"line":11,"column":24}}},"fnMap":{},"branchMap":{},"s":{"0":1,"1":1,"2":1,"3":1,"4":1,"5":1,"6":1,"7":1},"f":{},"b":{},"_coverageSchema":"1a1c01bbd47fc00a2c39e90264f33305004495a9","hash":"421566335c305f61f4c38d8fa08b1c1952491f12"}
,"C:\\Users\\terri\\Desktop\\Code-The-Dream\\node-homework\\test\\waitForRouteHandlerCompletion.js": {"path":"C:\\Users\\terri\\Desktop\\Code-The-Dream\\node-homework\\test\\waitForRouteHandlerCompletion.js","statementMap":{"0":{"start":{"line":3,"column":38},"end":{"line":17,"column":1}},"1":{"start":{"line":5,"column":18},"end":{"line":13,"column":4}},"2":{"start":{"line":6,"column":4},"end":{"line":9,"column":7}},"3":{"start":{"line":7,"column":6},"end":{"line":7,"column":38}},"4":{"start":{"line":7,"column":17},"end":{"line":7,"column":38}},"5":{"start":{"line":8,"column":6},"end":{"line":8,"column":16}},"6":{"start":{"line":10,"column":4},"end":{"line":12,"column":7}},"7":{"start":{"line":11,"column":6},"end":{"line":11,"column":16}},"8":{"start":{"line":14,"column":2},"end":{"line":14,"column":29}},"9":{"start":{"line":15,"column":2},"end":{"line":15,"column":16}},"10":{"start":{"line":16,"column":2},"end":{"line":16,"column":14}},"11":{"start":{"line":18,"column":0},"end":{"line":18,"column":47}}},"fnMap":{"0":{"name":"(anonymous_0)","decl":{"start":{"line":3,"column":38},"end":{"line":3,"column":39}},"loc":{"start":{"line":3,"column":64},"end":{"line":17,"column":1}},"line":3},"1":{"name":"(anonymous_1)","decl":{"start":{"line":5,"column":30},"end":{"line":5,"column":31}},"loc":{"start":{"line":5,"column":51},"end":{"line":13,"column":3}},"line":5},"2":{"name":"(anonymous_2)","decl":{"start":{"line":6,"column":19},"end":{"line":6,"column":20}},"loc":{"start":{"line":6,"column":30},"end":{"line":9,"column":5}},"line":6},"3":{"name":"(anonymous_3)","decl":{"start":{"line":10,"column":21},"end":{"line":10,"column":22}},"loc":{"start":{"line":10,"column":27},"end":{"line":12,"column":5}},"line":10}},"branchMap":{"0":{"loc":{"start":{"line":7,"column":6},"end":{"line":7,"column":38}},"type":"if","locations":[{"start":{"line":7,"column":6},"end":{"line":7,"column":38}},{"start":{},"end":{}}],"line":7}},"s":{"0":1,"1":13,"2":13,"3":0,"4":0,"5":0,"6":13,"7":10,"8":13,"9":10,"10":10,"11":1},"f":{"0":13,"1":13,"2":0,"3":10},"b":{"0":[0,0]},"_coverageSchema":"1a1c01bbd47fc00a2c39e90264f33305004495a9","hash":"4d9c5bc9ed7e51195b4368280ddb5d6229c375dd"}
,"C:\\Users\\terri\\Desktop\\Code-The-Dream\\node-homework\\validation\\paginationSchema.js": {"path":"C:\\Users\\terri\\Desktop\\Code-The-Dream\\node-homework\\validation\\paginationSchema.js","statementMap":{"0":{"start":{"line":1,"column":12},"end":{"line":1,"column":26}},"1":{"start":{"line":3,"column":25},"end":{"line":6,"column":2}},"2":{"start":{"line":8,"column":0},"end":{"line":8,"column":35}}},"fnMap":{},"branchMap":{},"s":{"0":2,"1":2,"2":2},"f":{},"b":{},"_coverageSchema":"1a1c01bbd47fc00a2c39e90264f33305004495a9","hash":"c2a41e923a153fd0026b72f0db6d34de303d2fb6"}
,"C:\\Users\\terri\\Desktop\\Code-The-Dream\\node-homework\\validation\\taskSchema.js": {"path":"C:\\Users\\terri\\Desktop\\Code-The-Dream\\node-homework\\validation\\taskSchema.js","statementMap":{"0":{"start":{"line":1,"column":12},"end":{"line":1,"column":26}},"1":{"start":{"line":3,"column":19},"end":{"line":7,"column":2}},"2":{"start":{"line":9,"column":24},"end":{"line":13,"column":60}},"3":{"start":{"line":15,"column":0},"end":{"line":15,"column":49}}},"fnMap":{},"branchMap":{},"s":{"0":3,"1":3,"2":3,"3":3},"f":{},"b":{},"_coverageSchema":"1a1c01bbd47fc00a2c39e90264f33305004495a9","hash":"0a63498f5421376aa497b7380fb0607ba1138cd5"}
,"C:\\Users\\terri\\Desktop\\Code-The-Dream\\node-homework\\validation\\userSchema.js": {"path":"C:\\Users\\terri\\Desktop\\Code-The-Dream\\node-homework\\validation\\userSchema.js","statementMap":{"0":{"start":{"line":1,"column":12},"end":{"line":1,"column":26}},"1":{"start":{"line":3,"column":19},"end":{"line":15,"column":2}},"2":{"start":{"line":17,"column":0},"end":{"line":17,"column":32}}},"fnMap":{},"branchMap":{},"s":{"0":2,"1":2,"2":2},"f":{},"b":{},"_coverageSchema":"1a1c01bbd47fc00a2c39e90264f33305004495a9","hash":"4046db1db6061aafe5dab6d088874479bdf94093"}
}
