TN:
SF:app.js
FN:31,(anonymous_0)
FN:36,(anonymous_1)
FN:40,(anonymous_2)
FN:48,(anonymous_3)
FN:61,(anonymous_4)
FN:65,(anonymous_5)
FN:75,shutdown
FN:80,(anonymous_7)
FN:93,(anonymous_8)
FN:94,(anonymous_9)
FN:95,(anonymous_10)
FN:99,(anonymous_11)
FNF:12
FNH:2
FNDA:5,(anonymous_0)
FNDA:0,(anonymous_1)
FNDA:0,(anonymous_2)
FNDA:0,(anonymous_3)
FNDA:1,(anonymous_4)
FNDA:0,(anonymous_5)
FNDA:0,shutdown
FNDA:0,(anonymous_7)
FNDA:0,(anonymous_8)
FNDA:0,(anonymous_9)
FNDA:0,(anonymous_10)
FNDA:0,(anonymous_11)
DA:1,1
DA:2,1
DA:3,1
DA:4,1
DA:5,1
DA:6,1
DA:7,1
DA:8,1
DA:9,1
DA:10,1
DA:11,1
DA:12,1
DA:13,1
DA:15,1
DA:18,1
DA:25,1
DA:26,1
DA:27,1
DA:28,1
DA:31,1
DA:32,5
DA:33,5
DA:36,1
DA:37,0
DA:40,1
DA:41,0
DA:44,1
DA:45,1
DA:46,1
DA:48,1
DA:49,0
DA:50,0
DA:51,0
DA:53,0
DA:57,1
DA:58,1
DA:60,1
DA:61,1
DA:62,1
DA:65,1
DA:66,0
DA:67,0
DA:69,0
DA:71,0
DA:74,1
DA:76,0
DA:77,0
DA:78,0
DA:79,0
DA:80,0
DA:81,0
DA:82,0
DA:83,0
DA:85,0
DA:86,0
DA:88,0
DA:89,0
DA:93,1
DA:94,1
DA:95,1
DA:96,0
DA:97,0
DA:99,1
DA:100,0
DA:101,0
DA:104,1
LF:66
LH:40
BRDA:60,0,0,1
BRDA:60,0,1,1
BRDA:66,1,0,0
BRDA:66,1,1,0
BRDA:75,2,0,0
BRDA:76,3,0,0
BRDA:76,3,1,0
BRF:7
BRH:2
end_of_record
TN:
SF:controllers\analyticsController.js
FN:5,getUserAnalytics
FN:66,getUsersWithStats
FN:95,(anonymous_2)
FN:119,searchTasks
FNF:4
FNH:0
FNDA:0,getUserAnalytics
FNDA:0,getUsersWithStats
FNDA:0,(anonymous_2)
FNDA:0,searchTasks
DA:1,1
DA:2,1
DA:3,1
DA:7,0
DA:8,0
DA:9,0
DA:12,0
DA:13,0
DA:16,0
DA:17,0
DA:20,0
DA:29,0
DA:47,0
DA:48,0
DA:51,0
DA:60,0
DA:62,0
DA:67,0
DA:68,0
DA:69,0
DA:72,0
DA:73,0
DA:74,0
DA:76,0
DA:77,0
DA:95,0
DA:104,0
DA:105,0
DA:113,0
DA:115,0
DA:120,0
DA:122,0
DA:123,0
DA:129,0
DA:131,0
DA:133,0
DA:134,0
DA:135,0
DA:138,0
DA:162,0
DA:164,0
DA:167,1
LF:42
LH:4
BRDA:8,0,0,0
BRDA:8,0,1,0
BRDA:16,1,0,0
BRDA:16,1,1,0
BRDA:68,2,0,0
BRDA:68,2,1,0
BRDA:72,3,0,0
BRDA:72,3,1,0
BRDA:73,4,0,0
BRDA:73,4,1,0
BRDA:122,5,0,0
BRDA:122,5,1,0
BRDA:122,6,0,0
BRDA:122,6,1,0
BRDA:129,7,0,0
BRDA:129,7,1,0
BRF:16
BRH:0
end_of_record
TN:
SF:controllers\taskController.js
FN:7,create
FN:21,index
FN:71,show
FN:97,update
FN:124,deleteTask
FN:144,bulkCreate
FNF:6
FNH:5
FNDA:3,create
FNDA:5,index
FNDA:2,show
FNDA:2,update
FNDA:2,deleteTask
FNDA:0,bulkCreate
DA:1,2
DA:2,2
DA:3,2
DA:4,2
DA:8,3
DA:9,3
DA:10,3
DA:11,0
DA:13,3
DA:17,1
DA:22,5
DA:23,5
DA:24,0
DA:28,5
DA:29,5
DA:30,5
DA:32,5
DA:33,4
DA:34,0
DA:40,4
DA:52,4
DA:53,2
DA:56,2
DA:59,2
DA:68,2
DA:72,2
DA:73,2
DA:74,2
DA:83,2
DA:84,1
DA:86,1
DA:88,0
DA:89,0
DA:91,0
DA:98,2
DA:99,2
DA:100,2
DA:101,0
DA:104,2
DA:105,2
DA:106,2
DA:114,1
DA:116,1
DA:117,1
DA:119,0
DA:125,2
DA:126,2
DA:127,2
DA:134,1
DA:136,1
DA:137,1
DA:139,0
DA:145,0
DA:148,0
DA:149,0
DA:155,0
DA:156,0
DA:157,0
DA:158,0
DA:159,0
DA:164,0
DA:173,0
DA:174,0
DA:179,0
DA:185,0
DA:191,2
LF:66
LH:44
BRDA:8,0,0,0
BRDA:8,0,1,3
BRDA:10,1,0,0
BRDA:10,1,1,3
BRDA:23,2,0,0
BRDA:23,2,1,5
BRDA:28,3,0,5
BRDA:28,3,1,0
BRDA:29,4,0,5
BRDA:29,4,1,0
BRDA:33,5,0,0
BRDA:33,5,1,4
BRDA:52,6,0,2
BRDA:52,6,1,2
BRDA:83,7,0,1
BRDA:83,7,1,1
BRDA:88,8,0,0
BRDA:88,8,1,0
BRDA:98,9,0,0
BRDA:98,9,1,2
BRDA:100,10,0,0
BRDA:100,10,1,2
BRDA:116,11,0,1
BRDA:116,11,1,0
BRDA:136,12,0,1
BRDA:136,12,1,0
BRDA:148,13,0,0
BRDA:148,13,1,0
BRDA:148,14,0,0
BRDA:148,14,1,0
BRDA:148,14,2,0
BRDA:158,15,0,0
BRDA:158,15,1,0
BRDA:166,16,0,0
BRDA:166,16,1,0
BRDA:167,17,0,0
BRDA:167,17,1,0
BRF:37
BRH:14
end_of_record
TN:
SF:controllers\userController.js
FN:10,hashPassword
FN:16,comparePassword
FN:23,(anonymous_2)
FN:31,(anonymous_3)
FN:40,register
FN:55,(anonymous_5)
FN:74,(anonymous_6)
FN:107,logon
FN:123,logoff
FNF:9
FNH:9
FNDA:1,hashPassword
FNDA:1,comparePassword
FNDA:3,(anonymous_2)
FNDA:2,(anonymous_3)
FNDA:1,register
FNDA:1,(anonymous_5)
FNDA:3,(anonymous_6)
FNDA:1,logon
FNDA:1,logoff
DA:1,1
DA:2,1
DA:3,1
DA:4,1
DA:5,1
DA:6,1
DA:7,1
DA:8,1
DA:11,1
DA:12,1
DA:13,1
DA:17,1
DA:18,1
DA:19,1
DA:20,1
DA:23,1
DA:24,3
DA:31,1
DA:33,2
DA:34,2
DA:36,2
DA:37,2
DA:41,1
DA:42,1
DA:44,1
DA:45,0
DA:51,1
DA:52,1
DA:53,1
DA:54,1
DA:55,1
DA:57,1
DA:63,1
DA:68,1
DA:71,1
DA:74,3
DA:85,1
DA:88,1
DA:90,1
DA:91,1
DA:97,1
DA:99,0
DA:100,0
DA:102,0
DA:109,1
DA:110,1
DA:111,1
DA:112,1
DA:113,0
DA:115,1
DA:116,1
DA:117,0
DA:120,1
DA:121,1
DA:124,1
DA:125,1
DA:128,1
LF:57
LH:51
BRDA:41,0,0,0
BRDA:41,0,1,1
BRDA:44,1,0,0
BRDA:44,1,1,1
BRDA:99,2,0,0
BRDA:99,2,1,0
BRDA:112,3,0,0
BRDA:112,3,1,1
BRDA:116,4,0,0
BRDA:116,4,1,1
BRF:10
BRH:4
end_of_record
TN:
SF:db\prisma.js
FNF:0
FNH:0
DA:1,2
DA:4,2
DA:5,0
DA:7,2
DA:10,2
DA:12,2
LF:6
LH:5
BRDA:4,0,0,0
BRDA:4,0,1,2
BRDA:4,1,0,2
BRDA:4,1,1,2
BRF:4
BRH:3
end_of_record
TN:
SF:middleware\error-handler.js
FN:3,(anonymous_0)
FNF:1
FNH:0
FNDA:0,(anonymous_0)
DA:1,1
DA:3,1
DA:4,0
DA:5,0
DA:7,0
DA:8,0
DA:10,0
DA:16,0
DA:17,0
DA:23,1
LF:10
LH:3
BRDA:4,0,0,0
BRDA:4,0,1,0
BRDA:4,1,0,0
BRDA:4,1,1,0
BRDA:7,2,0,0
BRDA:7,2,1,0
BRDA:16,3,0,0
BRDA:16,3,1,0
BRF:8
BRH:0
end_of_record
TN:
SF:middleware\jwtMiddleware.js
FN:4,(anonymous_0)
FN:10,(anonymous_1)
FN:15,(anonymous_2)
FNF:3
FNH:3
FNDA:1,(anonymous_0)
FNDA:3,(anonymous_1)
FNDA:2,(anonymous_2)
DA:1,1
DA:2,1
DA:4,1
DA:5,1
DA:10,1
DA:11,3
DA:12,3
DA:13,1
DA:15,2
DA:17,2
DA:18,0
DA:20,2
DA:23,2
DA:25,1
DA:26,0
DA:29,2
LF:16
LH:14
BRDA:12,0,0,1
BRDA:12,0,1,2
BRDA:17,1,0,0
BRDA:17,1,1,2
BRDA:23,2,0,1
BRDA:23,2,1,1
BRDA:25,3,0,0
BRDA:25,3,1,1
BRF:8
BRH:6
end_of_record
TN:
SF:middleware\not-found.js
FN:3,(anonymous_0)
FNF:1
FNH:0
FNDA:0,(anonymous_0)
DA:1,1
DA:3,1
DA:5,0
DA:6,0
DA:12,1
LF:5
LH:3
BRDA:5,0,0,0
BRDA:5,0,1,0
BRF:2
BRH:0
end_of_record
TN:
SF:routes\analyticsRoutes.js
FNF:0
FNH:0
DA:1,1
DA:2,1
DA:3,1
DA:4,1
DA:6,1
DA:7,1
DA:8,1
DA:9,1
DA:12,1
LF:9
LH:9
BRF:0
BRH:0
end_of_record
TN:
SF:routes\taskRoutes.js
FNF:0
FNH:0
DA:1,1
DA:3,1
DA:4,1
DA:5,1
DA:7,1
DA:8,1
DA:9,1
DA:10,1
DA:11,1
DA:12,1
DA:13,1
DA:16,1
LF:12
LH:12
BRF:0
BRH:0
end_of_record
TN:
SF:routes\userRoutes.js
FNF:0
FNH:0
DA:1,1
DA:3,1
DA:4,1
DA:5,1
DA:7,1
DA:8,1
DA:9,1
DA:11,1
LF:8
LH:8
BRF:0
BRH:0
end_of_record
TN:
SF:test\waitForRouteHandlerCompletion.js
FN:3,(anonymous_0)
FN:5,(anonymous_1)
FN:6,(anonymous_2)
FN:10,(anonymous_3)
FNF:4
FNH:3
FNDA:13,(anonymous_0)
FNDA:13,(anonymous_1)
FNDA:0,(anonymous_2)
FNDA:10,(anonymous_3)
DA:3,1
DA:5,13
DA:6,13
DA:7,0
DA:8,0
DA:10,13
DA:11,10
DA:14,13
DA:15,10
DA:16,10
DA:18,1
LF:11
LH:9
BRDA:7,0,0,0
BRDA:7,0,1,0
BRF:2
BRH:0
end_of_record
TN:
SF:validation\paginationSchema.js
FNF:0
FNH:0
DA:1,2
DA:3,2
DA:8,2
LF:3
LH:3
BRF:0
BRH:0
end_of_record
TN:
SF:validation\taskSchema.js
FNF:0
FNH:0
DA:1,3
DA:3,3
DA:9,3
DA:15,3
LF:4
LH:4
BRF:0
BRH:0
end_of_record
TN:
SF:validation\userSchema.js
FNF:0
FNH:0
DA:1,2
DA:3,2
DA:17,2
LF:3
LH:3
BRF:0
BRH:0
end_of_record
